<?xml version="1.0" encoding="UTF-8"?>
<!-- Generated by org.testng.reporters.JUnitReportReporter -->
<testsuite hostname="DESKTOP-CRAQIMG" failures="0" tests="1" name="com.RunTest" time="19.909" errors="0" timestamp="31 Aug 2019 11:28:57 GMT" skipped="0">
  <testcase classname="com.RunTest" name="runTest" time="19.909"/>
</testsuite> <!-- com.RunTest -->
